<?xml version="1.0" encoding="UTF-8"?>
<!-- Generated by org.testng.reporters.JUnitXMLReporter -->
<testsuite ignored="0" hostname="AmitKumar-AtlasAdm" failures="0" tests="6" name="Test" time="112.902" errors="0" timestamp="2024-10-10T19:40:07 IST">
  <testcase classname="com.cms.testcases.ProjectTest" name="VerifyAddNewProjectFunctionality" time="78.323"/>
  <testcase classname="com.cms.testcases.ProjectTest" name="GetProject" time="2.889"/>
  <testcase classname="com.cms.testcases.ProjectTest" name="DeleteProject" time="1.021"/>
  <testcase classname="com.cms.testcases.ProjectTest" name="GetTeam" time="0.968"/>
  <testcase classname="com.cms.testcases.ProjectTest" name="DeleteTeam" time="0.907"/>
  <testcase classname="com.cms.testcases.ProjectTest" name="AllValidationCheck" time="0.001"/>
</testsuite> <!-- Test -->
