<?xml version="1.0" encoding="UTF-8"?>
<!-- Generated by org.testng.reporters.JUnitXMLReporter -->
<testsuite ignored="0" hostname="AmitKumar-AtlasAdm" failures="0" tests="4" name="Test1" time="209.772" errors="0" timestamp="2024-10-08T11:33:36 IST">
  <testcase classname="com.cms.testcases.Contact_E2E_Flow4" name="VerifyAddNewContactFunctionality" time="171.604"/>
  <testcase classname="com.cms.testcases.Contact_E2E_Flow4" name="GetContact" time="3.597"/>
  <testcase classname="com.cms.testcases.Contact_E2E_Flow4" name="DeleteContact" time="1.024"/>
  <testcase classname="com.cms.testcases.Contact_E2E_Flow4" name="AllValidationCheck" time="0.002"/>
</testsuite> <!-- Test1 -->
