<?xml version="1.0" encoding="UTF-8"?>
<!-- Generated by org.testng.reporters.JUnitXMLReporter -->
<testsuite ignored="0" hostname="AmitKumar-AtlasAdm" failures="0" tests="4" name="Test1" time="214.951" errors="0" timestamp="2024-10-10T15:28:11 IST">
  <testcase classname="com.cms.testcases.Contact_E2E_Flow4" name="VerifyAddNewContactFunctionality" time="171.029"/>
  <testcase classname="com.cms.testcases.Contact_E2E_Flow4" name="GetContact" time="3.277"/>
  <testcase classname="com.cms.testcases.Contact_E2E_Flow4" name="DeleteContact" time="1.022"/>
  <testcase classname="com.cms.testcases.Contact_E2E_Flow4" name="AllValidationCheck" time="0.003"/>
</testsuite> <!-- Test1 -->
